This is pdfTeX, Version 3.141592653-2.6-1.40.26 (TeX Live 2025/dev/Debian) (preloaded format=pdflatex 2025.2.24)  31 MAR 2025 00:14
entering extended mode
 restricted \write18 enabled.
 %&-line parsing enabled.
**build/watermarked_pdfs/8.tex
(./build/watermarked_pdfs/8.tex
LaTeX2e <2024-06-01> patch level 2
L3 programming layer <2024-05-27>
(/usr/share/texlive/texmf-dist/tex/latex/base/book.cls
Document Class: book 2024/02/08 v1.4n Standard LaTeX document class
(/usr/share/texlive/texmf-dist/tex/latex/base/bk11.clo
File: bk11.clo 2024/02/08 v1.4n Standard LaTeX file (size option)
)
\c@part=\count194
\c@chapter=\count195
\c@section=\count196
\c@subsection=\count197
\c@subsubsection=\count198
\c@paragraph=\count199
\c@subparagraph=\count266
\c@figure=\count267
\c@table=\count268
\abovecaptionskip=\skip49
\belowcaptionskip=\skip50
\bibindent=\dimen141
)
(/usr/share/texlive/texmf-dist/tex/latex/fancyhdr/fancyhdr.sty
Package: fancyhdr 2024/04/23 v4.2 Extensive control of page headers and footers

\f@nch@headwidth=\skip51
\f@nch@O@elh=\skip52
\f@nch@O@erh=\skip53
\f@nch@O@olh=\skip54
\f@nch@O@orh=\skip55
\f@nch@O@elf=\skip56
\f@nch@O@erf=\skip57
\f@nch@O@olf=\skip58
\f@nch@O@orf=\skip59
)
(/usr/share/texlive/texmf-dist/tex/latex/geometry/geometry.sty
Package: geometry 2020/01/02 v5.9 Page Geometry

(/usr/share/texlive/texmf-dist/tex/latex/graphics/keyval.sty
Package: keyval 2022/05/29 v1.15 key=value parser (DPC)
\KV@toks@=\toks17
)
(/usr/share/texlive/texmf-dist/tex/generic/iftex/ifvtex.sty
Package: ifvtex 2019/10/25 v1.7 ifvtex legacy package. Use iftex instead.

(/usr/share/texlive/texmf-dist/tex/generic/iftex/iftex.sty
Package: iftex 2022/02/03 v1.0f TeX engine tests
))
\Gm@cnth=\count269
\Gm@cntv=\count270
\c@Gm@tempcnt=\count271
\Gm@bindingoffset=\dimen142
\Gm@wd@mp=\dimen143
\Gm@odd@mp=\dimen144
\Gm@even@mp=\dimen145
\Gm@layoutwidth=\dimen146
\Gm@layoutheight=\dimen147
\Gm@layouthoffset=\dimen148
\Gm@layoutvoffset=\dimen149
\Gm@dimlist=\toks18
)
(/usr/share/texlive/texmf-dist/tex/latex/base/inputenc.sty
Package: inputenc 2024/02/08 v1.3d Input encoding file
\inpenc@prehook=\toks19
\inpenc@posthook=\toks20
)
(/usr/share/texlive/texmf-dist/tex/latex/pdfpages/pdfpages.sty
Package: pdfpages 2024/05/29 v0.6a Insert pages of external PDF documents (AM)

(/usr/share/texlive/texmf-dist/tex/latex/base/ifthen.sty
Package: ifthen 2024/03/16 v1.1e Standard LaTeX ifthen package (DPC)
)
(/usr/share/texlive/texmf-dist/tex/latex/tools/calc.sty
Package: calc 2023/07/08 v4.3 Infix arithmetic (KKT,FJ)
\calc@Acount=\count272
\calc@Bcount=\count273
\calc@Adimen=\dimen150
\calc@Bdimen=\dimen151
\calc@Askip=\skip60
\calc@Bskip=\skip61
LaTeX Info: Redefining \setlength on input line 80.
LaTeX Info: Redefining \addtolength on input line 81.
\calc@Ccount=\count274
\calc@Cskip=\skip62
)
(/usr/share/texlive/texmf-dist/tex/latex/eso-pic/eso-pic.sty
Package: eso-pic 2023/05/03 v3.0c eso-pic (RN)
\ESO@tempdima=\dimen152
\ESO@tempdimb=\dimen153

(/usr/share/texlive/texmf-dist/tex/latex/xcolor/xcolor.sty
Package: xcolor 2023/11/15 v3.01 LaTeX color extensions (UK)

(/usr/share/texlive/texmf-dist/tex/latex/graphics-cfg/color.cfg
File: color.cfg 2016/01/02 v1.6 sample color configuration
)
Package xcolor Info: Driver file: pdftex.def on input line 274.

(/usr/share/texlive/texmf-dist/tex/latex/graphics-def/pdftex.def
File: pdftex.def 2024/04/13 v1.2c Graphics/color driver for pdftex
)
(/usr/share/texlive/texmf-dist/tex/latex/graphics/mathcolor.ltx)
Package xcolor Info: Model `cmy' substituted by `cmy0' on input line 1350.
Package xcolor Info: Model `hsb' substituted by `rgb' on input line 1354.
Package xcolor Info: Model `RGB' extended on input line 1366.
Package xcolor Info: Model `HTML' substituted by `rgb' on input line 1368.
Package xcolor Info: Model `Hsb' substituted by `hsb' on input line 1369.
Package xcolor Info: Model `tHsb' substituted by `hsb' on input line 1370.
Package xcolor Info: Model `HSB' substituted by `hsb' on input line 1371.
Package xcolor Info: Model `Gray' substituted by `gray' on input line 1372.
Package xcolor Info: Model `wave' substituted by `hsb' on input line 1373.
))
(/usr/share/texlive/texmf-dist/tex/latex/graphics/graphicx.sty
Package: graphicx 2021/09/16 v1.2d Enhanced LaTeX Graphics (DPC,SPQR)

(/usr/share/texlive/texmf-dist/tex/latex/graphics/graphics.sty
Package: graphics 2024/05/23 v1.4g Standard LaTeX Graphics (DPC,SPQR)

(/usr/share/texlive/texmf-dist/tex/latex/graphics/trig.sty
Package: trig 2023/12/02 v1.11 sin cos tan (DPC)
)
(/usr/share/texlive/texmf-dist/tex/latex/graphics-cfg/graphics.cfg
File: graphics.cfg 2016/06/04 v1.11 sample graphics configuration
)
Package graphics Info: Driver file: pdftex.def on input line 106.
)
\Gin@req@height=\dimen154
\Gin@req@width=\dimen155
)
\AM@pagewidth=\dimen156
\AM@pageheight=\dimen157
\AM@fboxrule=\dimen158

(/usr/share/texlive/texmf-dist/tex/latex/pdfpages/pppdftex.def
File: pppdftex.def 2024/05/29 v0.6a Pdfpages driver for pdfTeX (AM)
)
\pdfpages@includegraphics@status=\count275
\AM@pagebox=\box52
\AM@global@opts=\toks21
\AM@pagecnt=\count276
\AM@toc@title=\toks22
\AM@lof@heading=\toks23
\c@AM@survey=\count277
\AM@templatesizebox=\box53
)
(/usr/share/texlive/texmf-dist/tex/latex/psnfss/times.sty
Package: times 2020/03/25 PSNFSS-v9.3 (SPQR) 
)
(/usr/share/texlive/texmf-dist/tex/latex/pax/pax.sty
Package: pax 2020/04/06 v0.2 Annotation support for PDF graphics (HO)

(/usr/share/texlive/texmf-dist/tex/generic/iftex/ifpdf.sty
Package: ifpdf 2019/10/25 v3.4 ifpdf legacy package. Use iftex instead.
)
(/usr/share/texlive/texmf-dist/tex/generic/ltxcmds/ltxcmds.sty
Package: ltxcmds 2023-12-04 v1.26 LaTeX kernel commands for general use (HO)
)
(/usr/share/texlive/texmf-dist/tex/latex/kvsetkeys/kvsetkeys.sty
Package: kvsetkeys 2022-10-05 v1.19 Key value parser (HO)
)
(/usr/share/texlive/texmf-dist/tex/latex/kvoptions/kvoptions.sty
Package: kvoptions 2022-06-15 v3.15 Key value format for package options (HO)
)
(/usr/share/texlive/texmf-dist/tex/latex/auxhook/auxhook.sty
Package: auxhook 2019-12-17 v1.6 Hooks for auxiliary files (HO)
)
(/usr/share/texlive/texmf-dist/tex/generic/etexcmds/etexcmds.sty
Package: etexcmds 2019/12/15 v1.7 Avoid name clashes with e-TeX commands (HO)

(/usr/share/texlive/texmf-dist/tex/generic/infwarerr/infwarerr.sty
Package: infwarerr 2019/12/03 v1.5 Providing info/warning/error messages (HO)
)))
(/usr/share/texlive/texmf-dist/tex/latex/hyperref/hyperref.sty
Package: hyperref 2024-05-23 v7.01i Hypertext links for LaTeX

(/usr/share/texlive/texmf-dist/tex/generic/kvdefinekeys/kvdefinekeys.sty
Package: kvdefinekeys 2019-12-19 v1.6 Define keys (HO)
)
(/usr/share/texlive/texmf-dist/tex/generic/pdfescape/pdfescape.sty
Package: pdfescape 2019/12/09 v1.15 Implements pdfTeX's escape features (HO)

(/usr/share/texlive/texmf-dist/tex/generic/pdftexcmds/pdftexcmds.sty
Package: pdftexcmds 2020-06-27 v0.33 Utility functions of pdfTeX for LuaTeX (HO
)
Package pdftexcmds Info: \pdf@primitive is available.
Package pdftexcmds Info: \pdf@ifprimitive is available.
Package pdftexcmds Info: \pdfdraftmode found.
))
(/usr/share/texlive/texmf-dist/tex/latex/hycolor/hycolor.sty
Package: hycolor 2020-01-27 v1.10 Color options for hyperref/bookmark (HO)
)
(/usr/share/texlive/texmf-dist/tex/latex/hyperref/nameref.sty
Package: nameref 2023-11-26 v2.56 Cross-referencing by name of section

(/usr/share/texlive/texmf-dist/tex/latex/refcount/refcount.sty
Package: refcount 2019/12/15 v3.6 Data extraction from label references (HO)
)
(/usr/share/texlive/texmf-dist/tex/generic/gettitlestring/gettitlestring.sty
Package: gettitlestring 2019/12/15 v1.6 Cleanup title references (HO)
)
\c@section@level=\count278
)
(/usr/share/texlive/texmf-dist/tex/latex/etoolbox/etoolbox.sty
Package: etoolbox 2020/10/05 v2.5k e-TeX tools for LaTeX (JAW)
\etb@tempcnta=\count279
)
(/usr/share/texlive/texmf-dist/tex/generic/stringenc/stringenc.sty
Package: stringenc 2019/11/29 v1.12 Convert strings between diff. encodings (HO
)
)
\@linkdim=\dimen159
\Hy@linkcounter=\count280
\Hy@pagecounter=\count281

(/usr/share/texlive/texmf-dist/tex/latex/hyperref/pd1enc.def
File: pd1enc.def 2024-05-23 v7.01i Hyperref: PDFDocEncoding definition (HO)
Now handling font encoding PD1 ...
... no UTF-8 mapping file for font encoding PD1
)
(/usr/share/texlive/texmf-dist/tex/generic/intcalc/intcalc.sty
Package: intcalc 2019/12/15 v1.3 Expandable calculations with integers (HO)
)
\Hy@SavedSpaceFactor=\count282

(/usr/share/texlive/texmf-dist/tex/latex/hyperref/puenc.def
File: puenc.def 2024-05-23 v7.01i Hyperref: PDF Unicode definition (HO)
Now handling font encoding PU ...
... no UTF-8 mapping file for font encoding PU
)
Package hyperref Info: Hyper figures OFF on input line 4157.
Package hyperref Info: Link nesting OFF on input line 4162.
Package hyperref Info: Hyper index ON on input line 4165.
Package hyperref Info: Plain pages OFF on input line 4172.
Package hyperref Info: Backreferencing OFF on input line 4177.
Package hyperref Info: Implicit mode ON; LaTeX internals redefined.
Package hyperref Info: Bookmarks ON on input line 4424.
\c@Hy@tempcnt=\count283

(/usr/share/texlive/texmf-dist/tex/latex/url/url.sty
\Urlmuskip=\muskip17
Package: url 2013/09/16  ver 3.4  Verb mode for urls, etc.
)
LaTeX Info: Redefining \url on input line 4763.
\XeTeXLinkMargin=\dimen160

(/usr/share/texlive/texmf-dist/tex/generic/bitset/bitset.sty
Package: bitset 2019/12/09 v1.3 Handle bit-vector datatype (HO)

(/usr/share/texlive/texmf-dist/tex/generic/bigintcalc/bigintcalc.sty
Package: bigintcalc 2019/12/15 v1.5 Expandable calculations on big integers (HO
)
))
\Fld@menulength=\count284
\Field@Width=\dimen161
\Fld@charsize=\dimen162
Package hyperref Info: Hyper figures OFF on input line 6042.
Package hyperref Info: Link nesting OFF on input line 6047.
Package hyperref Info: Hyper index ON on input line 6050.
Package hyperref Info: backreferencing OFF on input line 6057.
Package hyperref Info: Link coloring OFF on input line 6062.
Package hyperref Info: Link coloring with OCG OFF on input line 6067.
Package hyperref Info: PDF/A mode OFF on input line 6072.

(/usr/share/texlive/texmf-dist/tex/latex/base/atbegshi-ltx.sty
Package: atbegshi-ltx 2021/01/10 v1.0c Emulation of the original atbegshi
package with kernel methods
)
\Hy@abspage=\count285
\c@Item=\count286
\c@Hfootnote=\count287
)
Package hyperref Info: Driver (autodetected): hpdftex.

(/usr/share/texlive/texmf-dist/tex/latex/hyperref/hpdftex.def
File: hpdftex.def 2024-05-23 v7.01i Hyperref driver for pdfTeX

(/usr/share/texlive/texmf-dist/tex/latex/base/atveryend-ltx.sty
Package: atveryend-ltx 2020/08/19 v1.0a Emulation of the original atveryend pac
kage
with kernel methods
)
\Fld@listcount=\count288
\c@bookmark@seq@number=\count289

(/usr/share/texlive/texmf-dist/tex/latex/rerunfilecheck/rerunfilecheck.sty
Package: rerunfilecheck 2022-07-10 v1.10 Rerun checks for auxiliary files (HO)

(/usr/share/texlive/texmf-dist/tex/generic/uniquecounter/uniquecounter.sty
Package: uniquecounter 2019/12/15 v1.4 Provide unlimited unique counter (HO)
)
Package uniquecounter Info: New unique counter `rerunfilecheck' on input line 2
85.
)
\Hy@SectionHShift=\skip63
)
(/usr/share/texlive/texmf-dist/tex/latex/graphics/lscape.sty
Package: lscape 2020/05/28 v3.02 Landscape Pages (DPC)
)
Package hyperref Info: Option `colorlinks' set `true' on input line 15.
\titlebox=\skip64
LaTeX Font Info:    Trying to load font information for OT1+ptm on input line 3
2.

(/usr/share/texlive/texmf-dist/tex/latex/psnfss/ot1ptm.fd
File: ot1ptm.fd 2001/06/04 font definitions for OT1/ptm.
)
(/usr/share/texlive/texmf-dist/tex/latex/l3backend/l3backend-pdftex.def
File: l3backend-pdftex.def 2024-05-08 L3 backend support: PDF output (pdfTeX)
\l__color_backend_stack_int=\count290
\l__pdf_internal_box=\box54
)
(build/watermarked_pdfs/8.aux)
\openout1 = `8.aux'.

LaTeX Font Info:    Checking defaults for OML/cmm/m/it on input line 32.
LaTeX Font Info:    ... okay on input line 32.
LaTeX Font Info:    Checking defaults for OMS/cmsy/m/n on input line 32.
LaTeX Font Info:    ... okay on input line 32.
LaTeX Font Info:    Checking defaults for OT1/cmr/m/n on input line 32.
LaTeX Font Info:    ... okay on input line 32.
LaTeX Font Info:    Checking defaults for T1/cmr/m/n on input line 32.
LaTeX Font Info:    ... okay on input line 32.
LaTeX Font Info:    Checking defaults for TS1/cmr/m/n on input line 32.
LaTeX Font Info:    ... okay on input line 32.
LaTeX Font Info:    Checking defaults for OMX/cmex/m/n on input line 32.
LaTeX Font Info:    ... okay on input line 32.
LaTeX Font Info:    Checking defaults for U/cmr/m/n on input line 32.
LaTeX Font Info:    ... okay on input line 32.
LaTeX Font Info:    Checking defaults for PD1/pdf/m/n on input line 32.
LaTeX Font Info:    ... okay on input line 32.
LaTeX Font Info:    Checking defaults for PU/pdf/m/n on input line 32.
LaTeX Font Info:    ... okay on input line 32.

*geometry* driver: auto-detecting
*geometry* detected driver: pdftex
*geometry* verbose mode - [ preamble ] result:
* driver: pdftex
* paper: a4paper
* layout: <same size as paper>
* layoutoffset:(h,v)=(0.0pt,0.0pt)
* modes: 
* h-part:(L,W,R)=(56.9055pt, 483.69687pt, 56.9055pt)
* v-part:(T,H,B)=(56.9055pt, 702.78308pt, 85.35826pt)
* \paperwidth=597.50787pt
* \paperheight=845.04675pt
* \textwidth=455.24408pt
* \textheight=702.78297pt
* \oddsidemargin=0.0pt
* \evensidemargin=-15.36449pt
* \topmargin=-14.22636pt
* \headheight=5.0pt
* \headsep=0.0pt
* \topskip=11.0pt
* \footskip=28.45274pt
* \marginparwidth=49.79231pt
* \marginparsep=7.0pt
* \columnsep=17.07182pt
* \skip\footins=10.0pt plus 4.0pt minus 2.0pt
* \hoffset=0.0pt
* \voffset=0.0pt
* \mag=1000
* \@twocolumnfalse
* \@twosidefalse
* \@mparswitchfalse
* \@reversemarginfalse
* (1in=72.27pt=25.4mm, 1cm=28.453pt)

(/usr/share/texlive/texmf-dist/tex/context/base/mkii/supp-pdf.mkii
[Loading MPS to PDF converter (version 2006.09.02).]
\scratchcounter=\count291
\scratchdimen=\dimen163
\scratchbox=\box55
\nofMPsegments=\count292
\nofMParguments=\count293
\everyMPshowfont=\toks24
\MPscratchCnt=\count294
\MPscratchDim=\dimen164
\MPnumerator=\count295
\makeMPintoPDFobject=\count296
\everyMPtoPDFconversion=\toks25
) (/usr/share/texlive/texmf-dist/tex/latex/epstopdf-pkg/epstopdf-base.sty
Package: epstopdf-base 2020-01-24 v2.11 Base part for package epstopdf
Package epstopdf-base Info: Redefining graphics rule for `.eps' on input line 4
85.

(/usr/share/texlive/texmf-dist/tex/latex/latexconfig/epstopdf-sys.cfg
File: epstopdf-sys.cfg 2010/07/13 v1.3 Configuration of (r)epstopdf for TeX Liv
e
))
(/usr/share/texlive/texmf-dist/tex/latex/pdflscape/pdflscape.sty
Package: pdflscape 2022-10-27 v0.13 Display of landscape pages in PDF

(/usr/share/texlive/texmf-dist/tex/latex/pdflscape/pdflscape-nometadata.sty
Package: pdflscape-nometadata 2022-10-28 v0.13 Display of landscape pages in PD
F (HO)
Package pdflscape Info: Auto-detected driver: pdftex on input line 81.
))
Package hyperref Info: Link coloring ON on input line 32.

(build/watermarked_pdfs/8.out) (build/watermarked_pdfs/8.out)
\@outlinefile=\write3
\openout3 = `8.out'.

</home/blackbird/Projects_heavy/Research/Insight_Proceedings_2025/input/papers/
8.pdf, id=4, 597.50829pt x 845.0471pt>
File: /home/blackbird/Projects_heavy/Research/Insight_Proceedings_2025/input/pa
pers/8.pdf Graphic file (type pdf)
<use /home/blackbird/Projects_heavy/Research/Insight_Proceedings_2025/input/pap
ers/8.pdf>
Package pdftex.def Info: /home/blackbird/Projects_heavy/Research/Insight_Procee
dings_2025/input/papers/8.pdf  used on input line 45.
(pdftex.def)             Requested size: 597.50682pt x 845.04504pt.

(/home/blackbird/Projects_heavy/Research/Insight_Proceedings_2025/input/papers/
8.pax)
File: /home/blackbird/Projects_heavy/Research/Insight_Proceedings_2025/input/pa
pers/8.pdf Graphic file (type pdf)
<use /home/blackbird/Projects_heavy/Research/Insight_Proceedings_2025/input/pap
ers/8.pdf>
Package pdftex.def Info: /home/blackbird/Projects_heavy/Research/Insight_Procee
dings_2025/input/papers/8.pdf  used on input line 45.
(pdftex.def)             Requested size: 597.50682pt x 845.04504pt.

(/home/blackbird/Projects_heavy/Research/Insight_Proceedings_2025/input/papers/
8.pax)
</home/blackbird/Projects_heavy/Research/Insight_Proceedings_2025/input/papers/
8.pdf, id=93, page=1, 597.50829pt x 845.0471pt>
File: /home/blackbird/Projects_heavy/Research/Insight_Proceedings_2025/input/pa
pers/8.pdf Graphic file (type pdf)
<use /home/blackbird/Projects_heavy/Research/Insight_Proceedings_2025/input/pap
ers/8.pdf, page 1>
Package pdftex.def Info: /home/blackbird/Projects_heavy/Research/Insight_Procee
dings_2025/input/papers/8.pdf , page1 used on input line 45.
(pdftex.def)             Requested size: 597.50682pt x 845.04504pt.

(/home/blackbird/Projects_heavy/Research/Insight_Proceedings_2025/input/papers/
8.pax)
File: /home/blackbird/Projects_heavy/Research/Insight_Proceedings_2025/input/pa
pers/8.pdf Graphic file (type pdf)
<use /home/blackbird/Projects_heavy/Research/Insight_Proceedings_2025/input/pap
ers/8.pdf, page 1>
Package pdftex.def Info: /home/blackbird/Projects_heavy/Research/Insight_Procee
dings_2025/input/papers/8.pdf , page1 used on input line 45.
(pdftex.def)             Requested size: 597.53416pt x 845.08372pt.

(/home/blackbird/Projects_heavy/Research/Insight_Proceedings_2025/input/papers/
8.pax)
File: /home/blackbird/Projects_heavy/Research/Insight_Proceedings_2025/input/pa
pers/8.pdf Graphic file (type pdf)
<use /home/blackbird/Projects_heavy/Research/Insight_Proceedings_2025/input/pap
ers/8.pdf, page 1>
Package pdftex.def Info: /home/blackbird/Projects_heavy/Research/Insight_Procee
dings_2025/input/papers/8.pdf , page1 used on input line 45.
(pdftex.def)             Requested size: 597.53416pt x 845.08372pt.

(/home/blackbird/Projects_heavy/Research/Insight_Proceedings_2025/input/papers/
8.pax)
File: /home/blackbird/Projects_heavy/Research/Insight_Proceedings_2025/input/pa
pers/8.pdf Graphic file (type pdf)
<use /home/blackbird/Projects_heavy/Research/Insight_Proceedings_2025/input/pap
ers/8.pdf, page 1>
Package pdftex.def Info: /home/blackbird/Projects_heavy/Research/Insight_Procee
dings_2025/input/papers/8.pdf , page1 used on input line 45.
(pdftex.def)             Requested size: 597.53416pt x 845.08372pt.

(/home/blackbird/Projects_heavy/Research/Insight_Proceedings_2025/input/papers/
8.pax)

LaTeX Font Info:    Trying to load font information for TS1+ptm on input line 4
5.
(/usr/share/texlive/texmf-dist/tex/latex/psnfss/ts1ptm.fd
File: ts1ptm.fd 2001/06/04 font definitions for TS1/ptm.
)
File: /home/blackbird/Projects_heavy/Research/Insight_Proceedings_2025/input/pa
pers/8.pdf Graphic file (type pdf)
<use /home/blackbird/Projects_heavy/Research/Insight_Proceedings_2025/input/pap
ers/8.pdf, page 1>
Package pdftex.def Info: /home/blackbird/Projects_heavy/Research/Insight_Procee
dings_2025/input/papers/8.pdf , page1 used on input line 45.
(pdftex.def)             Requested size: 597.53416pt x 845.08372pt.

(/home/blackbird/Projects_heavy/Research/Insight_Proceedings_2025/input/papers/
8.pax) [46{/var/lib/texmf/fonts/map/pdftex/updmap/pdftex.map}{/usr/share/texliv
e/texmf-dist/fonts/enc/dvips/base/8r.enc}


Non-PDF special ignored!
<special> papersize=21cm, 29.7cm

 </home/blackbird/Projects_heavy/Research/Insight_Proceedings_2025/input/papers
/8.pdf>]
</home/blackbird/Projects_heavy/Research/Insight_Proceedings_2025/input/papers/
8.pdf, id=388, page=2, 597.50829pt x 845.0471pt>
File: /home/blackbird/Projects_heavy/Research/Insight_Proceedings_2025/input/pa
pers/8.pdf Graphic file (type pdf)
<use /home/blackbird/Projects_heavy/Research/Insight_Proceedings_2025/input/pap
ers/8.pdf, page 2>
Package pdftex.def Info: /home/blackbird/Projects_heavy/Research/Insight_Procee
dings_2025/input/papers/8.pdf , page2 used on input line 45.
(pdftex.def)             Requested size: 597.53416pt x 845.08372pt.

(/home/blackbird/Projects_heavy/Research/Insight_Proceedings_2025/input/papers/
8.pax)
File: /home/blackbird/Projects_heavy/Research/Insight_Proceedings_2025/input/pa
pers/8.pdf Graphic file (type pdf)
<use /home/blackbird/Projects_heavy/Research/Insight_Proceedings_2025/input/pap
ers/8.pdf, page 2>
Package pdftex.def Info: /home/blackbird/Projects_heavy/Research/Insight_Procee
dings_2025/input/papers/8.pdf , page2 used on input line 45.
(pdftex.def)             Requested size: 597.53416pt x 845.08372pt.

(/home/blackbird/Projects_heavy/Research/Insight_Proceedings_2025/input/papers/
8.pax)

File: /home/blackbird/Projects_heavy/Research/Insight_Proceedings_2025/input/pa
pers/8.pdf Graphic file (type pdf)
<use /home/blackbird/Projects_heavy/Research/Insight_Proceedings_2025/input/pap
ers/8.pdf, page 2>
Package pdftex.def Info: /home/blackbird/Projects_heavy/Research/Insight_Procee
dings_2025/input/papers/8.pdf , page2 used on input line 45.
(pdftex.def)             Requested size: 597.53416pt x 845.08372pt.

(/home/blackbird/Projects_heavy/Research/Insight_Proceedings_2025/input/papers/
8.pax) [47

 </home/blackbird/Projects_heavy/Research/Insight_Proceedings_2025/input/papers
/8.pdf>]
</home/blackbird/Projects_heavy/Research/Insight_Proceedings_2025/input/papers/
8.pdf, id=560, page=3, 597.50829pt x 845.0471pt>
File: /home/blackbird/Projects_heavy/Research/Insight_Proceedings_2025/input/pa
pers/8.pdf Graphic file (type pdf)
<use /home/blackbird/Projects_heavy/Research/Insight_Proceedings_2025/input/pap
ers/8.pdf, page 3>
Package pdftex.def Info: /home/blackbird/Projects_heavy/Research/Insight_Procee
dings_2025/input/papers/8.pdf , page3 used on input line 45.
(pdftex.def)             Requested size: 597.53416pt x 845.08372pt.

(/home/blackbird/Projects_heavy/Research/Insight_Proceedings_2025/input/papers/
8.pax)
File: /home/blackbird/Projects_heavy/Research/Insight_Proceedings_2025/input/pa
pers/8.pdf Graphic file (type pdf)
<use /home/blackbird/Projects_heavy/Research/Insight_Proceedings_2025/input/pap
ers/8.pdf, page 3>
Package pdftex.def Info: /home/blackbird/Projects_heavy/Research/Insight_Procee
dings_2025/input/papers/8.pdf , page3 used on input line 45.
(pdftex.def)             Requested size: 597.53416pt x 845.08372pt.

(/home/blackbird/Projects_heavy/Research/Insight_Proceedings_2025/input/papers/
8.pax)

File: /home/blackbird/Projects_heavy/Research/Insight_Proceedings_2025/input/pa
pers/8.pdf Graphic file (type pdf)
<use /home/blackbird/Projects_heavy/Research/Insight_Proceedings_2025/input/pap
ers/8.pdf, page 3>
Package pdftex.def Info: /home/blackbird/Projects_heavy/Research/Insight_Procee
dings_2025/input/papers/8.pdf , page3 used on input line 45.
(pdftex.def)             Requested size: 597.53416pt x 845.08372pt.

(/home/blackbird/Projects_heavy/Research/Insight_Proceedings_2025/input/papers/
8.pax) [48

 </home/blackbird/Projects_heavy/Research/Insight_Proceedings_2025/input/papers
/8.pdf>]
</home/blackbird/Projects_heavy/Research/Insight_Proceedings_2025/input/papers/
8.pdf, id=682, page=4, 597.50829pt x 845.0471pt>
File: /home/blackbird/Projects_heavy/Research/Insight_Proceedings_2025/input/pa
pers/8.pdf Graphic file (type pdf)
<use /home/blackbird/Projects_heavy/Research/Insight_Proceedings_2025/input/pap
ers/8.pdf, page 4>
Package pdftex.def Info: /home/blackbird/Projects_heavy/Research/Insight_Procee
dings_2025/input/papers/8.pdf , page4 used on input line 45.
(pdftex.def)             Requested size: 597.53416pt x 845.08372pt.

(/home/blackbird/Projects_heavy/Research/Insight_Proceedings_2025/input/papers/
8.pax)
File: /home/blackbird/Projects_heavy/Research/Insight_Proceedings_2025/input/pa
pers/8.pdf Graphic file (type pdf)
<use /home/blackbird/Projects_heavy/Research/Insight_Proceedings_2025/input/pap
ers/8.pdf, page 4>
Package pdftex.def Info: /home/blackbird/Projects_heavy/Research/Insight_Procee
dings_2025/input/papers/8.pdf , page4 used on input line 45.
(pdftex.def)             Requested size: 597.53416pt x 845.08372pt.

(/home/blackbird/Projects_heavy/Research/Insight_Proceedings_2025/input/papers/
8.pax)

File: /home/blackbird/Projects_heavy/Research/Insight_Proceedings_2025/input/pa
pers/8.pdf Graphic file (type pdf)
<use /home/blackbird/Projects_heavy/Research/Insight_Proceedings_2025/input/pap
ers/8.pdf, page 4>
Package pdftex.def Info: /home/blackbird/Projects_heavy/Research/Insight_Procee
dings_2025/input/papers/8.pdf , page4 used on input line 45.
(pdftex.def)             Requested size: 597.53416pt x 845.08372pt.

(/home/blackbird/Projects_heavy/Research/Insight_Proceedings_2025/input/papers/
8.pax) [49

 </home/blackbird/Projects_heavy/Research/Insight_Proceedings_2025/input/papers
/8.pdf>]
</home/blackbird/Projects_heavy/Research/Insight_Proceedings_2025/input/papers/
8.pdf, id=774, page=5, 597.50829pt x 845.0471pt>
File: /home/blackbird/Projects_heavy/Research/Insight_Proceedings_2025/input/pa
pers/8.pdf Graphic file (type pdf)
<use /home/blackbird/Projects_heavy/Research/Insight_Proceedings_2025/input/pap
ers/8.pdf, page 5>
Package pdftex.def Info: /home/blackbird/Projects_heavy/Research/Insight_Procee
dings_2025/input/papers/8.pdf , page5 used on input line 45.
(pdftex.def)             Requested size: 597.53416pt x 845.08372pt.

(/home/blackbird/Projects_heavy/Research/Insight_Proceedings_2025/input/papers/
8.pax)
File: /home/blackbird/Projects_heavy/Research/Insight_Proceedings_2025/input/pa
pers/8.pdf Graphic file (type pdf)
<use /home/blackbird/Projects_heavy/Research/Insight_Proceedings_2025/input/pap
ers/8.pdf, page 5>
Package pdftex.def Info: /home/blackbird/Projects_heavy/Research/Insight_Procee
dings_2025/input/papers/8.pdf , page5 used on input line 45.
(pdftex.def)             Requested size: 597.53416pt x 845.08372pt.

(/home/blackbird/Projects_heavy/Research/Insight_Proceedings_2025/input/papers/
8.pax)

File: /home/blackbird/Projects_heavy/Research/Insight_Proceedings_2025/input/pa
pers/8.pdf Graphic file (type pdf)
<use /home/blackbird/Projects_heavy/Research/Insight_Proceedings_2025/input/pap
ers/8.pdf, page 5>
Package pdftex.def Info: /home/blackbird/Projects_heavy/Research/Insight_Procee
dings_2025/input/papers/8.pdf , page5 used on input line 45.
(pdftex.def)             Requested size: 597.53416pt x 845.08372pt.

(/home/blackbird/Projects_heavy/Research/Insight_Proceedings_2025/input/papers/
8.pax) [50

 </home/blackbird/Projects_heavy/Research/Insight_Proceedings_2025/input/papers
/8.pdf>]
</home/blackbird/Projects_heavy/Research/Insight_Proceedings_2025/input/papers/
8.pdf, id=863, page=6, 597.50829pt x 845.0471pt>
File: /home/blackbird/Projects_heavy/Research/Insight_Proceedings_2025/input/pa
pers/8.pdf Graphic file (type pdf)
<use /home/blackbird/Projects_heavy/Research/Insight_Proceedings_2025/input/pap
ers/8.pdf, page 6>
Package pdftex.def Info: /home/blackbird/Projects_heavy/Research/Insight_Procee
dings_2025/input/papers/8.pdf , page6 used on input line 45.
(pdftex.def)             Requested size: 597.53416pt x 845.08372pt.

(/home/blackbird/Projects_heavy/Research/Insight_Proceedings_2025/input/papers/
8.pax)
File: /home/blackbird/Projects_heavy/Research/Insight_Proceedings_2025/input/pa
pers/8.pdf Graphic file (type pdf)
<use /home/blackbird/Projects_heavy/Research/Insight_Proceedings_2025/input/pap
ers/8.pdf, page 6>
Package pdftex.def Info: /home/blackbird/Projects_heavy/Research/Insight_Procee
dings_2025/input/papers/8.pdf , page6 used on input line 45.
(pdftex.def)             Requested size: 597.53416pt x 845.08372pt.

(/home/blackbird/Projects_heavy/Research/Insight_Proceedings_2025/input/papers/
8.pax)

File: /home/blackbird/Projects_heavy/Research/Insight_Proceedings_2025/input/pa
pers/8.pdf Graphic file (type pdf)
<use /home/blackbird/Projects_heavy/Research/Insight_Proceedings_2025/input/pap
ers/8.pdf, page 6>
Package pdftex.def Info: /home/blackbird/Projects_heavy/Research/Insight_Procee
dings_2025/input/papers/8.pdf , page6 used on input line 45.
(pdftex.def)             Requested size: 597.53416pt x 845.08372pt.

(/home/blackbird/Projects_heavy/Research/Insight_Proceedings_2025/input/papers/
8.pax) [51

 </home/blackbird/Projects_heavy/Research/Insight_Proceedings_2025/input/papers
/8.pdf>]
</home/blackbird/Projects_heavy/Research/Insight_Proceedings_2025/input/papers/
8.pdf, id=1000, page=7, 597.50829pt x 845.0471pt>
File: /home/blackbird/Projects_heavy/Research/Insight_Proceedings_2025/input/pa
pers/8.pdf Graphic file (type pdf)
<use /home/blackbird/Projects_heavy/Research/Insight_Proceedings_2025/input/pap
ers/8.pdf, page 7>
Package pdftex.def Info: /home/blackbird/Projects_heavy/Research/Insight_Procee
dings_2025/input/papers/8.pdf , page7 used on input line 45.
(pdftex.def)             Requested size: 597.53416pt x 845.08372pt.

(/home/blackbird/Projects_heavy/Research/Insight_Proceedings_2025/input/papers/
8.pax)
File: /home/blackbird/Projects_heavy/Research/Insight_Proceedings_2025/input/pa
pers/8.pdf Graphic file (type pdf)
<use /home/blackbird/Projects_heavy/Research/Insight_Proceedings_2025/input/pap
ers/8.pdf, page 7>
Package pdftex.def Info: /home/blackbird/Projects_heavy/Research/Insight_Procee
dings_2025/input/papers/8.pdf , page7 used on input line 45.
(pdftex.def)             Requested size: 597.53416pt x 845.08372pt.

(/home/blackbird/Projects_heavy/Research/Insight_Proceedings_2025/input/papers/
8.pax)

File: /home/blackbird/Projects_heavy/Research/Insight_Proceedings_2025/input/pa
pers/8.pdf Graphic file (type pdf)
<use /home/blackbird/Projects_heavy/Research/Insight_Proceedings_2025/input/pap
ers/8.pdf, page 7>
Package pdftex.def Info: /home/blackbird/Projects_heavy/Research/Insight_Procee
dings_2025/input/papers/8.pdf , page7 used on input line 45.
(pdftex.def)             Requested size: 597.53416pt x 845.08372pt.

(/home/blackbird/Projects_heavy/Research/Insight_Proceedings_2025/input/papers/
8.pax) [52

 </home/blackbird/Projects_heavy/Research/Insight_Proceedings_2025/input/papers
/8.pdf>]
</home/blackbird/Projects_heavy/Research/Insight_Proceedings_2025/input/papers/
8.pdf, id=1095, page=8, 597.50829pt x 845.0471pt>
File: /home/blackbird/Projects_heavy/Research/Insight_Proceedings_2025/input/pa
pers/8.pdf Graphic file (type pdf)
<use /home/blackbird/Projects_heavy/Research/Insight_Proceedings_2025/input/pap
ers/8.pdf, page 8>
Package pdftex.def Info: /home/blackbird/Projects_heavy/Research/Insight_Procee
dings_2025/input/papers/8.pdf , page8 used on input line 45.
(pdftex.def)             Requested size: 597.53416pt x 845.08372pt.

(/home/blackbird/Projects_heavy/Research/Insight_Proceedings_2025/input/papers/
8.pax)
File: /home/blackbird/Projects_heavy/Research/Insight_Proceedings_2025/input/pa
pers/8.pdf Graphic file (type pdf)
<use /home/blackbird/Projects_heavy/Research/Insight_Proceedings_2025/input/pap
ers/8.pdf, page 8>
Package pdftex.def Info: /home/blackbird/Projects_heavy/Research/Insight_Procee
dings_2025/input/papers/8.pdf , page8 used on input line 45.
(pdftex.def)             Requested size: 597.53416pt x 845.08372pt.

(/home/blackbird/Projects_heavy/Research/Insight_Proceedings_2025/input/papers/
8.pax)

File: /home/blackbird/Projects_heavy/Research/Insight_Proceedings_2025/input/pa
pers/8.pdf Graphic file (type pdf)
<use /home/blackbird/Projects_heavy/Research/Insight_Proceedings_2025/input/pap
ers/8.pdf, page 8>
Package pdftex.def Info: /home/blackbird/Projects_heavy/Research/Insight_Procee
dings_2025/input/papers/8.pdf , page8 used on input line 45.
(pdftex.def)             Requested size: 597.53416pt x 845.08372pt.

(/home/blackbird/Projects_heavy/Research/Insight_Proceedings_2025/input/papers/
8.pax) [53

 </home/blackbird/Projects_heavy/Research/Insight_Proceedings_2025/input/papers
/8.pdf>]
</home/blackbird/Projects_heavy/Research/Insight_Proceedings_2025/input/papers/
8.pdf, id=1118, page=9, 597.50829pt x 845.0471pt>
File: /home/blackbird/Projects_heavy/Research/Insight_Proceedings_2025/input/pa
pers/8.pdf Graphic file (type pdf)
<use /home/blackbird/Projects_heavy/Research/Insight_Proceedings_2025/input/pap
ers/8.pdf, page 9>
Package pdftex.def Info: /home/blackbird/Projects_heavy/Research/Insight_Procee
dings_2025/input/papers/8.pdf , page9 used on input line 45.
(pdftex.def)             Requested size: 597.53416pt x 845.08372pt.

(/home/blackbird/Projects_heavy/Research/Insight_Proceedings_2025/input/papers/
8.pax)
File: /home/blackbird/Projects_heavy/Research/Insight_Proceedings_2025/input/pa
pers/8.pdf Graphic file (type pdf)
<use /home/blackbird/Projects_heavy/Research/Insight_Proceedings_2025/input/pap
ers/8.pdf, page 9>
Package pdftex.def Info: /home/blackbird/Projects_heavy/Research/Insight_Procee
dings_2025/input/papers/8.pdf , page9 used on input line 45.
(pdftex.def)             Requested size: 597.53416pt x 845.08372pt.

(/home/blackbird/Projects_heavy/Research/Insight_Proceedings_2025/input/papers/
8.pax)

File: /home/blackbird/Projects_heavy/Research/Insight_Proceedings_2025/input/pa
pers/8.pdf Graphic file (type pdf)
<use /home/blackbird/Projects_heavy/Research/Insight_Proceedings_2025/input/pap
ers/8.pdf, page 9>
Package pdftex.def Info: /home/blackbird/Projects_heavy/Research/Insight_Procee
dings_2025/input/papers/8.pdf , page9 used on input line 45.
(pdftex.def)             Requested size: 597.53416pt x 845.08372pt.

(/home/blackbird/Projects_heavy/Research/Insight_Proceedings_2025/input/papers/
8.pax) [54

 </home/blackbird/Projects_heavy/Research/Insight_Proceedings_2025/input/papers
/8.pdf>]
</home/blackbird/Projects_heavy/Research/Insight_Proceedings_2025/input/papers/
8.pdf, id=1211, page=10, 597.50829pt x 845.0471pt>
File: /home/blackbird/Projects_heavy/Research/Insight_Proceedings_2025/input/pa
pers/8.pdf Graphic file (type pdf)
<use /home/blackbird/Projects_heavy/Research/Insight_Proceedings_2025/input/pap
ers/8.pdf, page 10>
Package pdftex.def Info: /home/blackbird/Projects_heavy/Research/Insight_Procee
dings_2025/input/papers/8.pdf , page10 used on input line 45.
(pdftex.def)             Requested size: 597.53416pt x 845.08372pt.

(/home/blackbird/Projects_heavy/Research/Insight_Proceedings_2025/input/papers/
8.pax)
File: /home/blackbird/Projects_heavy/Research/Insight_Proceedings_2025/input/pa
pers/8.pdf Graphic file (type pdf)
<use /home/blackbird/Projects_heavy/Research/Insight_Proceedings_2025/input/pap
ers/8.pdf, page 10>
Package pdftex.def Info: /home/blackbird/Projects_heavy/Research/Insight_Procee
dings_2025/input/papers/8.pdf , page10 used on input line 45.
(pdftex.def)             Requested size: 597.53416pt x 845.08372pt.

(/home/blackbird/Projects_heavy/Research/Insight_Proceedings_2025/input/papers/
8.pax)

File: /home/blackbird/Projects_heavy/Research/Insight_Proceedings_2025/input/pa
pers/8.pdf Graphic file (type pdf)
<use /home/blackbird/Projects_heavy/Research/Insight_Proceedings_2025/input/pap
ers/8.pdf, page 10>
Package pdftex.def Info: /home/blackbird/Projects_heavy/Research/Insight_Procee
dings_2025/input/papers/8.pdf , page10 used on input line 45.
(pdftex.def)             Requested size: 597.53416pt x 845.08372pt.

(/home/blackbird/Projects_heavy/Research/Insight_Proceedings_2025/input/papers/
8.pax) [55

 </home/blackbird/Projects_heavy/Research/Insight_Proceedings_2025/input/papers
/8.pdf>]
</home/blackbird/Projects_heavy/Research/Insight_Proceedings_2025/input/papers/
8.pdf, id=1230, page=11, 597.50829pt x 845.0471pt>
File: /home/blackbird/Projects_heavy/Research/Insight_Proceedings_2025/input/pa
pers/8.pdf Graphic file (type pdf)
<use /home/blackbird/Projects_heavy/Research/Insight_Proceedings_2025/input/pap
ers/8.pdf, page 11>
Package pdftex.def Info: /home/blackbird/Projects_heavy/Research/Insight_Procee
dings_2025/input/papers/8.pdf , page11 used on input line 45.
(pdftex.def)             Requested size: 597.53416pt x 845.08372pt.

(/home/blackbird/Projects_heavy/Research/Insight_Proceedings_2025/input/papers/
8.pax)
File: /home/blackbird/Projects_heavy/Research/Insight_Proceedings_2025/input/pa
pers/8.pdf Graphic file (type pdf)
<use /home/blackbird/Projects_heavy/Research/Insight_Proceedings_2025/input/pap
ers/8.pdf, page 11>
Package pdftex.def Info: /home/blackbird/Projects_heavy/Research/Insight_Procee
dings_2025/input/papers/8.pdf , page11 used on input line 45.
(pdftex.def)             Requested size: 597.53416pt x 845.08372pt.

(/home/blackbird/Projects_heavy/Research/Insight_Proceedings_2025/input/papers/
8.pax)

File: /home/blackbird/Projects_heavy/Research/Insight_Proceedings_2025/input/pa
pers/8.pdf Graphic file (type pdf)
<use /home/blackbird/Projects_heavy/Research/Insight_Proceedings_2025/input/pap
ers/8.pdf, page 11>
Package pdftex.def Info: /home/blackbird/Projects_heavy/Research/Insight_Procee
dings_2025/input/papers/8.pdf , page11 used on input line 45.
(pdftex.def)             Requested size: 597.53416pt x 845.08372pt.

(/home/blackbird/Projects_heavy/Research/Insight_Proceedings_2025/input/papers/
8.pax) [56

 </home/blackbird/Projects_heavy/Research/Insight_Proceedings_2025/input/papers
/8.pdf>]
</home/blackbird/Projects_heavy/Research/Insight_Proceedings_2025/input/papers/
8.pdf, id=1244, page=12, 597.50829pt x 845.0471pt>
File: /home/blackbird/Projects_heavy/Research/Insight_Proceedings_2025/input/pa
pers/8.pdf Graphic file (type pdf)
<use /home/blackbird/Projects_heavy/Research/Insight_Proceedings_2025/input/pap
ers/8.pdf, page 12>
Package pdftex.def Info: /home/blackbird/Projects_heavy/Research/Insight_Procee
dings_2025/input/papers/8.pdf , page12 used on input line 45.
(pdftex.def)             Requested size: 597.53416pt x 845.08372pt.

(/home/blackbird/Projects_heavy/Research/Insight_Proceedings_2025/input/papers/
8.pax)
File: /home/blackbird/Projects_heavy/Research/Insight_Proceedings_2025/input/pa
pers/8.pdf Graphic file (type pdf)
<use /home/blackbird/Projects_heavy/Research/Insight_Proceedings_2025/input/pap
ers/8.pdf, page 12>
Package pdftex.def Info: /home/blackbird/Projects_heavy/Research/Insight_Procee
dings_2025/input/papers/8.pdf , page12 used on input line 45.
(pdftex.def)             Requested size: 597.53416pt x 845.08372pt.

(/home/blackbird/Projects_heavy/Research/Insight_Proceedings_2025/input/papers/
8.pax)

File: /home/blackbird/Projects_heavy/Research/Insight_Proceedings_2025/input/pa
pers/8.pdf Graphic file (type pdf)
<use /home/blackbird/Projects_heavy/Research/Insight_Proceedings_2025/input/pap
ers/8.pdf, page 12>
Package pdftex.def Info: /home/blackbird/Projects_heavy/Research/Insight_Procee
dings_2025/input/papers/8.pdf , page12 used on input line 45.
(pdftex.def)             Requested size: 597.53416pt x 845.08372pt.

(/home/blackbird/Projects_heavy/Research/Insight_Proceedings_2025/input/papers/
8.pax) [57

 </home/blackbird/Projects_heavy/Research/Insight_Proceedings_2025/input/papers
/8.pdf>]
</home/blackbird/Projects_heavy/Research/Insight_Proceedings_2025/input/papers/
8.pdf, id=1258, page=13, 597.50829pt x 845.0471pt>
File: /home/blackbird/Projects_heavy/Research/Insight_Proceedings_2025/input/pa
pers/8.pdf Graphic file (type pdf)
<use /home/blackbird/Projects_heavy/Research/Insight_Proceedings_2025/input/pap
ers/8.pdf, page 13>
Package pdftex.def Info: /home/blackbird/Projects_heavy/Research/Insight_Procee
dings_2025/input/papers/8.pdf , page13 used on input line 45.
(pdftex.def)             Requested size: 597.53416pt x 845.08372pt.

(/home/blackbird/Projects_heavy/Research/Insight_Proceedings_2025/input/papers/
8.pax)
File: /home/blackbird/Projects_heavy/Research/Insight_Proceedings_2025/input/pa
pers/8.pdf Graphic file (type pdf)
<use /home/blackbird/Projects_heavy/Research/Insight_Proceedings_2025/input/pap
ers/8.pdf, page 13>
Package pdftex.def Info: /home/blackbird/Projects_heavy/Research/Insight_Procee
dings_2025/input/papers/8.pdf , page13 used on input line 45.
(pdftex.def)             Requested size: 597.53416pt x 845.08372pt.

(/home/blackbird/Projects_heavy/Research/Insight_Proceedings_2025/input/papers/
8.pax)

File: /home/blackbird/Projects_heavy/Research/Insight_Proceedings_2025/input/pa
pers/8.pdf Graphic file (type pdf)
<use /home/blackbird/Projects_heavy/Research/Insight_Proceedings_2025/input/pap
ers/8.pdf, page 13>
Package pdftex.def Info: /home/blackbird/Projects_heavy/Research/Insight_Procee
dings_2025/input/papers/8.pdf , page13 used on input line 45.
(pdftex.def)             Requested size: 597.53416pt x 845.08372pt.

(/home/blackbird/Projects_heavy/Research/Insight_Proceedings_2025/input/papers/
8.pax) [58

 </home/blackbird/Projects_heavy/Research/Insight_Proceedings_2025/input/papers
/8.pdf>]
</home/blackbird/Projects_heavy/Research/Insight_Proceedings_2025/input/papers/
8.pdf, id=1273, page=14, 597.50829pt x 845.0471pt>
File: /home/blackbird/Projects_heavy/Research/Insight_Proceedings_2025/input/pa
pers/8.pdf Graphic file (type pdf)
<use /home/blackbird/Projects_heavy/Research/Insight_Proceedings_2025/input/pap
ers/8.pdf, page 14>
Package pdftex.def Info: /home/blackbird/Projects_heavy/Research/Insight_Procee
dings_2025/input/papers/8.pdf , page14 used on input line 45.
(pdftex.def)             Requested size: 597.53416pt x 845.08372pt.

(/home/blackbird/Projects_heavy/Research/Insight_Proceedings_2025/input/papers/
8.pax)
File: /home/blackbird/Projects_heavy/Research/Insight_Proceedings_2025/input/pa
pers/8.pdf Graphic file (type pdf)
<use /home/blackbird/Projects_heavy/Research/Insight_Proceedings_2025/input/pap
ers/8.pdf, page 14>
Package pdftex.def Info: /home/blackbird/Projects_heavy/Research/Insight_Procee
dings_2025/input/papers/8.pdf , page14 used on input line 45.
(pdftex.def)             Requested size: 597.53416pt x 845.08372pt.

(/home/blackbird/Projects_heavy/Research/Insight_Proceedings_2025/input/papers/
8.pax)

File: /home/blackbird/Projects_heavy/Research/Insight_Proceedings_2025/input/pa
pers/8.pdf Graphic file (type pdf)
<use /home/blackbird/Projects_heavy/Research/Insight_Proceedings_2025/input/pap
ers/8.pdf, page 14>
Package pdftex.def Info: /home/blackbird/Projects_heavy/Research/Insight_Procee
dings_2025/input/papers/8.pdf , page14 used on input line 45.
(pdftex.def)             Requested size: 597.53416pt x 845.08372pt.

(/home/blackbird/Projects_heavy/Research/Insight_Proceedings_2025/input/papers/
8.pax) [59

 </home/blackbird/Projects_heavy/Research/Insight_Proceedings_2025/input/papers
/8.pdf>]
</home/blackbird/Projects_heavy/Research/Insight_Proceedings_2025/input/papers/
8.pdf, id=1287, page=15, 597.50829pt x 845.0471pt>
File: /home/blackbird/Projects_heavy/Research/Insight_Proceedings_2025/input/pa
pers/8.pdf Graphic file (type pdf)
<use /home/blackbird/Projects_heavy/Research/Insight_Proceedings_2025/input/pap
ers/8.pdf, page 15>
Package pdftex.def Info: /home/blackbird/Projects_heavy/Research/Insight_Procee
dings_2025/input/papers/8.pdf , page15 used on input line 45.
(pdftex.def)             Requested size: 597.53416pt x 845.08372pt.

(/home/blackbird/Projects_heavy/Research/Insight_Proceedings_2025/input/papers/
8.pax)
File: /home/blackbird/Projects_heavy/Research/Insight_Proceedings_2025/input/pa
pers/8.pdf Graphic file (type pdf)
<use /home/blackbird/Projects_heavy/Research/Insight_Proceedings_2025/input/pap
ers/8.pdf, page 15>
Package pdftex.def Info: /home/blackbird/Projects_heavy/Research/Insight_Procee
dings_2025/input/papers/8.pdf , page15 used on input line 45.
(pdftex.def)             Requested size: 597.53416pt x 845.08372pt.

(/home/blackbird/Projects_heavy/Research/Insight_Proceedings_2025/input/papers/
8.pax)

File: /home/blackbird/Projects_heavy/Research/Insight_Proceedings_2025/input/pa
pers/8.pdf Graphic file (type pdf)
<use /home/blackbird/Projects_heavy/Research/Insight_Proceedings_2025/input/pap
ers/8.pdf, page 15>
Package pdftex.def Info: /home/blackbird/Projects_heavy/Research/Insight_Procee
dings_2025/input/papers/8.pdf , page15 used on input line 45.
(pdftex.def)             Requested size: 597.53416pt x 845.08372pt.

(/home/blackbird/Projects_heavy/Research/Insight_Proceedings_2025/input/papers/
8.pax) [60

 </home/blackbird/Projects_heavy/Research/Insight_Proceedings_2025/input/papers
/8.pdf>]
</home/blackbird/Projects_heavy/Research/Insight_Proceedings_2025/input/papers/
8.pdf, id=1302, page=16, 597.50829pt x 845.0471pt>
File: /home/blackbird/Projects_heavy/Research/Insight_Proceedings_2025/input/pa
pers/8.pdf Graphic file (type pdf)
<use /home/blackbird/Projects_heavy/Research/Insight_Proceedings_2025/input/pap
ers/8.pdf, page 16>
Package pdftex.def Info: /home/blackbird/Projects_heavy/Research/Insight_Procee
dings_2025/input/papers/8.pdf , page16 used on input line 45.
(pdftex.def)             Requested size: 597.53416pt x 845.08372pt.

(/home/blackbird/Projects_heavy/Research/Insight_Proceedings_2025/input/papers/
8.pax)
File: /home/blackbird/Projects_heavy/Research/Insight_Proceedings_2025/input/pa
pers/8.pdf Graphic file (type pdf)
<use /home/blackbird/Projects_heavy/Research/Insight_Proceedings_2025/input/pap
ers/8.pdf, page 16>
Package pdftex.def Info: /home/blackbird/Projects_heavy/Research/Insight_Procee
dings_2025/input/papers/8.pdf , page16 used on input line 45.
(pdftex.def)             Requested size: 597.53416pt x 845.08372pt.

(/home/blackbird/Projects_heavy/Research/Insight_Proceedings_2025/input/papers/
8.pax)

File: /home/blackbird/Projects_heavy/Research/Insight_Proceedings_2025/input/pa
pers/8.pdf Graphic file (type pdf)
<use /home/blackbird/Projects_heavy/Research/Insight_Proceedings_2025/input/pap
ers/8.pdf, page 16>
Package pdftex.def Info: /home/blackbird/Projects_heavy/Research/Insight_Procee
dings_2025/input/papers/8.pdf , page16 used on input line 45.
(pdftex.def)             Requested size: 597.53416pt x 845.08372pt.

(/home/blackbird/Projects_heavy/Research/Insight_Proceedings_2025/input/papers/
8.pax) [61

 </home/blackbird/Projects_heavy/Research/Insight_Proceedings_2025/input/papers
/8.pdf>]
</home/blackbird/Projects_heavy/Research/Insight_Proceedings_2025/input/papers/
8.pdf, id=1313, page=17, 597.50829pt x 845.0471pt>
File: /home/blackbird/Projects_heavy/Research/Insight_Proceedings_2025/input/pa
pers/8.pdf Graphic file (type pdf)
<use /home/blackbird/Projects_heavy/Research/Insight_Proceedings_2025/input/pap
ers/8.pdf, page 17>
Package pdftex.def Info: /home/blackbird/Projects_heavy/Research/Insight_Procee
dings_2025/input/papers/8.pdf , page17 used on input line 45.
(pdftex.def)             Requested size: 597.53416pt x 845.08372pt.

(/home/blackbird/Projects_heavy/Research/Insight_Proceedings_2025/input/papers/
8.pax)
File: /home/blackbird/Projects_heavy/Research/Insight_Proceedings_2025/input/pa
pers/8.pdf Graphic file (type pdf)
<use /home/blackbird/Projects_heavy/Research/Insight_Proceedings_2025/input/pap
ers/8.pdf, page 17>
Package pdftex.def Info: /home/blackbird/Projects_heavy/Research/Insight_Procee
dings_2025/input/papers/8.pdf , page17 used on input line 45.
(pdftex.def)             Requested size: 597.53416pt x 845.08372pt.

(/home/blackbird/Projects_heavy/Research/Insight_Proceedings_2025/input/papers/
8.pax)

File: /home/blackbird/Projects_heavy/Research/Insight_Proceedings_2025/input/pa
pers/8.pdf Graphic file (type pdf)
<use /home/blackbird/Projects_heavy/Research/Insight_Proceedings_2025/input/pap
ers/8.pdf, page 17>
Package pdftex.def Info: /home/blackbird/Projects_heavy/Research/Insight_Procee
dings_2025/input/papers/8.pdf , page17 used on input line 45.
(pdftex.def)             Requested size: 597.53416pt x 845.08372pt.

(/home/blackbird/Projects_heavy/Research/Insight_Proceedings_2025/input/papers/
8.pax) [62

 </home/blackbird/Projects_heavy/Research/Insight_Proceedings_2025/input/papers
/8.pdf>] (build/watermarked_pdfs/8.aux)
 ***********
LaTeX2e <2024-06-01> patch level 2
L3 programming layer <2024-05-27>
 ***********
Package rerunfilecheck Info: File `8.out' has not changed.
(rerunfilecheck)             Checksum: D41D8CD98F00B204E9800998ECF8427E;0.
 ) 
Here is how much of TeX's memory you used:
 11433 strings out of 473584
 229628 string characters out of 5730879
 1935905 words of memory out of 5000000
 33894 multiletter control sequences out of 15000+600000
 563537 words of font info for 44 fonts, out of 8000000 for 9000
 1141 hyphenation exceptions out of 8191
 72i,18n,79p,366b,573s stack positions out of 10000i,1000n,20000p,200000b,200000s
</usr/share/texlive/texmf-dist/fonts/type1/public/inconsolata/Inconsolata-zi4
r.pfb></usr/share/texlive/texmf-dist/fonts/type1/public/amsfonts/cm/cmbx10.pfb>
</usr/share/texlive/texmf-dist/fonts/type1/public/amsfonts/cm/cmex10.pfb></usr/
share/texlive/texmf-dist/fonts/type1/public/amsfonts/cm/cmmi10.pfb></usr/share/
texlive/texmf-dist/fonts/type1/public/amsfonts/cm/cmmi6.pfb></usr/share/texlive
/texmf-dist/fonts/type1/public/amsfonts/cm/cmmi8.pfb></usr/share/texlive/texmf-
dist/fonts/type1/public/amsfonts/cm/cmmi9.pfb></usr/share/texlive/texmf-dist/fo
nts/type1/public/amsfonts/cm/cmr10.pfb></usr/share/texlive/texmf-dist/fonts/typ
e1/public/amsfonts/cm/cmr6.pfb></usr/share/texlive/texmf-dist/fonts/type1/publi
c/amsfonts/cm/cmr8.pfb></usr/share/texlive/texmf-dist/fonts/type1/public/amsfon
ts/cm/cmr9.pfb></usr/share/texlive/texmf-dist/fonts/type1/public/amsfonts/cm/cm
sy10.pfb></usr/share/texlive/texmf-dist/fonts/type1/public/amsfonts/cm/cmsy6.pf
b></usr/share/texlive/texmf-dist/fonts/type1/public/amsfonts/cm/cmsy8.pfb></usr
/share/texlive/texmf-dist/fonts/type1/public/amsfonts/cm/cmsy9.pfb></usr/share/
texlive/texmf-dist/fonts/type1/public/amsfonts/symbols/msbm10.pfb></usr/share/t
exlive/texmf-dist/fonts/type1/urw/times/utmb8a.pfb></usr/share/texlive/texmf-di
st/fonts/type1/urw/times/utmr8a.pfb></usr/share/texlive/texmf-dist/fonts/type1/
urw/times/utmri8a.pfb>
Output written on build/watermarked_pdfs/8.pdf (17 pages, 7007211 bytes).
PDF statistics:
 1388 PDF objects out of 1440 (max. 8388607)
 606 compressed objects within 7 object streams
 181 named destinations out of 1000 (max. 500000)
 101 words of extra memory for PDF output out of 10000 (max. 10000000)

